<component name="libraryTable">
  <library name="junit:junit:4.1" type="repository">
    <properties maven-id="junit:junit:4.1" />
    <CLASSES />
    <JAVADOC />
    <SOURCES />
  </library>
</component>